20.06.2023 18:17:52	Этот журнал содержит сведения об операции импорта схемы в проект "pharmacyapp" на компьютере "WIN10", выполненной пользователем "michael".
20.06.2023 18:17:52	Импорт схемы базы данных начат.
20.06.2023 18:17:57	Идет сбор учетных данных для базы данных
20.06.2023 18:17:57	Идет сбор параметров базы данных
20.06.2023 18:17:57	Собирается параметр конфигурации области универсальной базы данных
20.06.2023 18:17:57	Идет сбор пользователей
20.06.2023 18:17:57	Идет сбор ролей
20.06.2023 18:17:57	Идет сбор ролей приложений
20.06.2023 18:17:57	Идет сбор членств ролей
20.06.2023 18:17:57	Идет сбор файловых групп
20.06.2023 18:17:57	Идет сбор полнотекстовых каталогов
20.06.2023 18:17:57	Идет сбор сборок
20.06.2023 18:17:57	Идет сбор сертификатов
20.06.2023 18:17:57	Идет сбор асимметричных ключей
20.06.2023 18:17:57	Идет сбор симметричных ключей
20.06.2023 18:17:57	Идет сбор зашифрованных симметричных ключей
20.06.2023 18:17:57	Идет сбор схем
20.06.2023 18:17:57	Идет сбор коллекции схем XML
20.06.2023 18:17:57	Идет сбор определяемых пользователем типов данных
20.06.2023 18:17:57	Идет сбор определяемых пользователем типов
20.06.2023 18:17:57	Идет сбор табличных типов
20.06.2023 18:17:57	Сбор уникальных ключей для табличных типов
20.06.2023 18:17:57	Идет сбор первичных ключей для табличных типов
20.06.2023 18:17:57	Сбор индексов для табличных типов
20.06.2023 18:17:58	Идет сбор проверочных ограничений для табличных типов
20.06.2023 18:17:58	Идет сбор ограничений по умолчанию для табличных типов
20.06.2023 18:17:58	Идет сбор функций секционирования
20.06.2023 18:17:58	Идет сбор схем секционирования
20.06.2023 18:17:58	Идет сбор функций
20.06.2023 18:17:58	Сбор зашифрованных функций
20.06.2023 18:17:58	Идет сбор статистических выражений
20.06.2023 18:17:58	Идет сбор процедур
20.06.2023 18:17:58	Сбор зашифрованных процедур
20.06.2023 18:17:58	Идет сбор таблиц
20.06.2023 18:17:58	Идет сбор первичных ключей
20.06.2023 18:17:58	Идет сбор ограничений уникальности
20.06.2023 18:17:58	Идет сбор внешних ключей
20.06.2023 18:17:58	Идет сбор ограничений по умолчанию
20.06.2023 18:17:58	Идет сбор проверочных ограничений
20.06.2023 18:17:58	Идет сбор представлений
20.06.2023 18:17:58	Сбор зашифрованных представлений
20.06.2023 18:17:58	Идет сбор индексов
20.06.2023 18:17:58	Идет сбор статистики
20.06.2023 18:17:58	Идет сбор списков стоп-слов полнотекстовых индексов
20.06.2023 18:17:58	Сбор списков свойств поиска
20.06.2023 18:17:58	Сбор свойств поиска
20.06.2023 18:17:58	Идет сбор полнотекстовых индексов
20.06.2023 18:17:58	Сбор индексов хранилища столбцов
20.06.2023 18:17:58	Идет сбор пространственных индексов
20.06.2023 18:17:58	Идет сбор XML-индексов
20.06.2023 18:17:58	Сбор селективных XML-индексов
20.06.2023 18:17:58	Сбор зашифрованных триггеров
20.06.2023 18:17:58	Идет сбор триггеров
20.06.2023 18:17:58	Идет сбор зашифрованных триггеров и триггеров ddl clr
20.06.2023 18:17:58	Идет сбор триггеров ddl
20.06.2023 18:17:58	Создание ограничений границы
20.06.2023 18:17:58	Идет сбор синонимов
20.06.2023 18:17:58	Идет сбор значений по умолчанию
20.06.2023 18:17:58	Идет сбор привязок uddt ограничений данных
20.06.2023 18:17:58	Идет сбор правил
20.06.2023 18:17:58	Идет сбор привязок uddt ограничений данных
20.06.2023 18:17:58	Идет сбор типов сообщений
20.06.2023 18:17:58	Идет сбор списков ожидания
20.06.2023 18:17:58	Идет сбор контрактов
20.06.2023 18:17:58	Идет сбор служб
20.06.2023 18:17:58	Идет сбор уведомлений о событиях
20.06.2023 18:17:58	Идет сбор привязок удаленных служб
20.06.2023 18:17:58	Идет сбор приоритетов брокера
20.06.2023 18:17:58	Идет сбор подписей
20.06.2023 18:17:58	Сбор параметров сжатия
20.06.2023 18:17:58	Сбор типов последовательностей
20.06.2023 18:17:58	Идет сбор политик безопасности
20.06.2023 18:17:58	Сбор ключей шифрования столбцов
20.06.2023 18:17:58	Сбор главных ключей столбцов
20.06.2023 18:17:58	Выполняется сбор внешних источников данных
20.06.2023 18:17:58	Выполняется сбор внешних форматов файлов
20.06.2023 18:17:58	Выполняется сбор внешних таблиц
20.06.2023 18:17:58	Идет сбор расширенных свойств
20.06.2023 18:17:58	Идет сбор сборок
20.06.2023 18:17:58	Идет сбор учетных данных
20.06.2023 18:17:58	Идет сбор имен входа
20.06.2023 18:17:58	Идет сбор аудитов сервера
20.06.2023 18:17:58	Импорт базы данных завершен.
20.06.2023 18:17:58	summary операции импорта была сохранена по следующему пути: C:\Users\michael\source\repos\pharmacyapp\pharmacyapp\Журналы импорта схем\pharmacyapp_20230620121752.log
20.06.2023 18:17:58	Для продолжения нажмите кнопку ''Готово''...
